<?xml version="1.0" encoding="UTF-8"?>
<testng-results skipped="0" failed="0" ignored="0" total="1" passed="1">
  <reporter-output>
  </reporter-output>
  <suite name="Default suite" duration-ms="158" started-at="2022-03-15T13:22:45 IST" finished-at="2022-03-15T13:22:45 IST">
    <groups>
    </groups>
    <test name="Default test" duration-ms="158" started-at="2022-03-15T13:22:45 IST" finished-at="2022-03-15T13:22:45 IST">
      <class name="demoGit.DemoCreateOrgTest">
        <test-method status="PASS" signature="demoCreateOrgTest()[pri:0, instance:demoGit.DemoCreateOrgTest@1d29cf23]" name="demoCreateOrgTest" duration-ms="15" started-at="2022-03-15T13:22:45 IST" finished-at="2022-03-15T13:22:45 IST">
          <reporter-output>
          </reporter-output>
        </test-method> <!-- demoCreateOrgTest -->
      </class> <!-- demoGit.DemoCreateOrgTest -->
    </test> <!-- Default test -->
  </suite> <!-- Default suite -->
</testng-results>
